[2026-03-23T13:36:40.455Z] [SMTP_DEBUG] [object Object]
[2026-03-23T13:36:40.528Z] [SMTP_DEBUG] [object Object]
[2026-03-23T13:36:40.544Z] [SMTP_DEBUG] [object Object]
[2026-03-23T13:36:41.134Z] [SMTP_DEBUG] [object Object]
[2026-03-23T13:38:18.086Z] [SMTP_DEBUG] [object Object]
[2026-03-23T13:38:18.093Z] [SMTP_DEBUG] [object Object]
[2026-03-23T13:38:18.138Z] [SMTP_DEBUG] [object Object]
[2026-03-23T13:38:18.839Z] [SMTP_DEBUG] [object Object]
[2026-03-23T14:00:17.540Z] [SMTP_DEBUG] {
  "component": "mail",
  "tnx": "create"
}
[2026-03-23T14:00:17.554Z] [SMTP_DEBUG] {
  "component": "mail",
  "tnx": "create"
}
[2026-03-23T14:00:17.580Z] [SMTP_DEBUG] {
  "component": "mail",
  "tnx": "create"
}
[2026-03-23T14:00:18.364Z] [SMTP_DEBUG] {
  "component": "mail",
  "tnx": "create"
}
[2026-03-23T14:30:41.750Z] [SMTP_DEBUG] {
  "component": "mail",
  "tnx": "create"
}
[2026-03-23T14:30:41.760Z] [SMTP_DEBUG] {
  "component": "mail",
  "tnx": "create"
}
[2026-03-23T14:30:41.779Z] [SMTP_DEBUG] {
  "component": "mail",
  "tnx": "create"
}
[2026-03-23T14:30:42.597Z] [SMTP_DEBUG] {
  "component": "mail",
  "tnx": "create"
}
[2026-03-23T14:40:40.784Z] [SMTP_DEBUG] {
  "component": "mail",
  "tnx": "create"
}
[2026-03-23T14:40:40.795Z] [SMTP_DEBUG] {
  "component": "mail",
  "tnx": "create"
}
[2026-03-23T14:40:40.809Z] [SMTP_DEBUG] {
  "component": "mail",
  "tnx": "create"
}
[2026-03-23T14:40:41.517Z] [SMTP_DEBUG] {
  "component": "mail",
  "tnx": "create"
}
[2026-03-24T07:29:24.401Z] [SMTP_DEBUG] {
  "component": "mail",
  "tnx": "create"
}
[2026-03-24T07:29:24.406Z] [SMTP_DEBUG] {
  "component": "mail",
  "tnx": "create"
}
[2026-03-24T07:29:24.424Z] [SMTP_DEBUG] {
  "component": "mail",
  "tnx": "create"
}
[2026-03-24T07:29:25.157Z] [SMTP_DEBUG] {
  "component": "mail",
  "tnx": "create"
}
[2026-03-24T07:54:41.897Z] [SMTP_DEBUG] {
  "component": "mail",
  "tnx": "create"
}
[2026-03-24T07:54:42.661Z] [SMTP_DEBUG] {
  "component": "mail",
  "tnx": "create"
}
[2026-03-24T07:54:42.669Z] [SMTP_DEBUG] {
  "component": "mail",
  "tnx": "create"
}
[2026-03-24T07:54:42.767Z] [SMTP_DEBUG] {
  "component": "mail",
  "tnx": "create"
}
[2026-03-24T17:27:45.286Z] [SMTP_DEBUG] {
  "component": "mail",
  "tnx": "create"
}
[2026-03-24T17:27:45.311Z] [SMTP_DEBUG] {
  "component": "mail",
  "tnx": "create"
}
[2026-03-24T17:27:45.318Z] [SMTP_DEBUG] {
  "component": "mail",
  "tnx": "create"
}
[2026-03-24T17:27:46.221Z] [SMTP_DEBUG] {
  "component": "mail",
  "tnx": "create"
}
[2026-03-25T07:37:39.824Z] [SMTP_DEBUG] {
  "component": "mail",
  "tnx": "create"
}
[2026-03-25T07:39:27.583Z] [SMTP_DEBUG] {
  "component": "mail",
  "tnx": "create"
}
[2026-03-26T12:36:25.206Z] [SMTP_DEBUG] {
  "component": "mail",
  "tnx": "create"
}
[2026-03-26T12:36:25.224Z] [SMTP_DEBUG] {
  "component": "mail",
  "tnx": "create"
}
[2026-03-26T12:36:25.256Z] [SMTP_DEBUG] {
  "component": "mail",
  "tnx": "create"
}
[2026-03-30T08:38:08.604Z] [SMTP_DEBUG] {
  "component": "mail",
  "tnx": "create"
}
[2026-03-30T08:38:08.657Z] [SMTP_DEBUG] {
  "component": "mail",
  "tnx": "create"
}
[2026-03-30T08:38:09.435Z] [SMTP_DEBUG] {
  "component": "mail",
  "tnx": "create"
}
[2026-03-30T08:38:09.539Z] [SMTP_DEBUG] {
  "component": "mail",
  "tnx": "create"
}
[2026-03-30T10:25:59.952Z] [SMTP_DEBUG] {
  "component": "mail",
  "tnx": "create"
}
[2026-03-30T10:26:00.011Z] [SMTP_DEBUG] {
  "component": "mail",
  "tnx": "create"
}
[2026-03-30T10:26:00.776Z] [SMTP_DEBUG] {
  "component": "mail",
  "tnx": "create"
}
[2026-03-30T10:26:00.885Z] [SMTP_DEBUG] {
  "component": "mail",
  "tnx": "create"
}
[2026-03-30T11:31:40.467Z] [SMTP_DEBUG] {
  "component": "mail",
  "tnx": "create"
}
[2026-03-30T11:31:40.503Z] [SMTP_DEBUG] {
  "component": "mail",
  "tnx": "create"
}
[2026-03-30T11:31:41.147Z] [SMTP_DEBUG] {
  "component": "mail",
  "tnx": "create"
}
[2026-03-30T11:31:44.141Z] [SMTP_DEBUG] {
  "component": "mail",
  "tnx": "create"
}
[2026-04-14T12:06:14.948Z] [SMTP_DEBUG] {
  "component": "mail",
  "tnx": "create"
}
[2026-04-14T12:10:58.969Z] [SMTP_DEBUG] {
  "component": "mail",
  "tnx": "create"
}
[2026-04-14T12:13:18.741Z] [SMTP_DEBUG] {
  "component": "mail",
  "tnx": "create"
}
[2026-04-18T20:29:40.648Z] [SMTP_DEBUG] {
  "component": "mail",
  "tnx": "create"
}
[2026-04-18T20:29:40.691Z] [SMTP_DEBUG] {
  "component": "mail",
  "tnx": "create"
}
[2026-04-18T20:29:41.217Z] [SMTP_DEBUG] {
  "component": "mail",
  "tnx": "create"
}
[2026-04-18T20:29:41.228Z] [SMTP_DEBUG] {
  "component": "mail",
  "tnx": "create"
}
[2026-04-18T20:29:41.350Z] [SMTP_DEBUG] {
  "component": "mail",
  "tnx": "create"
}
[2026-04-19T16:47:39.814Z] [SMTP_DEBUG] {
  "component": "mail",
  "tnx": "create"
}
[2026-04-19T16:47:39.921Z] [MAIL_START] Request to send email to: victor.nicolaescu@md.anadoluefes.com | Subject: Alfred - Contul tău a fost creat
[2026-04-19T16:47:40.170Z] [MAIL_DEBUG] Server Public IP: 89.149.89.235
[2026-04-19T16:47:40.170Z] [MAIL_CONFIG] Host: mail.efes.md | Port: 465 | User: noreply@efes.md | Secure: true
[2026-04-19T16:47:40.170Z] [MAIL_DEBUG] Verifying SMTP connection to mail.efes.md:465...
[2026-04-19T16:47:40.184Z] [SMTP_DEBUG] {
  "component": "smtp-connection",
  "sid": "oBuqTJUfc",
  "tnx": "dns",
  "source": "mail.efes.md",
  "resolved": "185.181.230.90",
  "cached": false
}
[2026-04-19T16:47:40.300Z] [SMTP_INFO] {
  "component": "smtp-connection",
  "sid": "oBuqTJUfc",
  "tnx": "network",
  "localAddress": "192.168.2.114",
  "localPort": 53649,
  "remoteAddress": "185.181.230.90",
  "remotePort": 465
}
[2026-04-19T16:47:40.301Z] [SMTP_DEBUG] {
  "component": "smtp-connection",
  "sid": "oBuqTJUfc",
  "tnx": "server"
}
[2026-04-19T16:47:40.301Z] [SMTP_DEBUG] {
  "component": "smtp-connection",
  "sid": "oBuqTJUfc",
  "tnx": "client"
}
[2026-04-19T16:47:40.317Z] [SMTP_DEBUG] {
  "component": "smtp-connection",
  "sid": "oBuqTJUfc",
  "tnx": "server"
}
[2026-04-19T16:47:40.318Z] [SMTP_DEBUG] {
  "component": "smtp-connection",
  "sid": "oBuqTJUfc",
  "tnx": "smtp"
}
[2026-04-19T16:47:40.318Z] [SMTP_DEBUG] {
  "component": "smtp-connection",
  "sid": "oBuqTJUfc",
  "tnx": "client"
}
[2026-04-19T16:47:42.373Z] [SMTP_DEBUG] {
  "component": "smtp-connection",
  "sid": "oBuqTJUfc",
  "tnx": "server"
}
[2026-04-19T16:47:42.374Z] [SMTP_INFO] {
  "component": "smtp-connection",
  "sid": "oBuqTJUfc",
  "tnx": "smtp",
  "username": "noreply@efes.md",
  "action": "authfail",
  "method": "PLAIN"
}
[2026-04-19T16:47:42.375Z] [SMTP_DEBUG] {
  "component": "smtp-connection",
  "sid": "oBuqTJUfc",
  "tnx": "smtp"
}
[2026-04-19T16:47:42.376Z] [MAIL_SMTP_FAILED] SMTP failed, attempting Brevo API fallback... {
  "message": "Invalid login: 535 Incorrect authentication data",
  "code": "EAUTH"
}
[2026-04-19T16:47:42.382Z] [SMTP_INFO] {
  "component": "smtp-connection",
  "sid": "oBuqTJUfc",
  "tnx": "network"
}
[2026-04-19T16:47:42.480Z] [MAIL_FATAL] Both SMTP and API failed: Brevo API Error: {"message":"Key not found","code":"unauthorized"}
